-------------------------------------------------------------------------------
Test set: com.payam.learn.reservation.controller.DashboardControllerTest
-------------------------------------------------------------------------------
Tests run: 3, Failures: 1, Errors: 1, Skipped: 0, Time elapsed: 1.427 s <<< FAILURE! - in com.payam.learn.reservation.controller.DashboardControllerTest
postTrip_sourceStop_Should_not_null  Time elapsed: 0.113 s  <<< FAILURE!
java.lang.AssertionError: JSON path "$.sourceStop" expected:<680f696f-5562-49ff-b54f-53d42debea1c> but was:<680f696f-5562-49ff-b54f-53d42debea1c>
	at com.payam.learn.reservation.controller.DashboardControllerTest.postTrip_sourceStop_Should_not_null(DashboardControllerTest.java:84)

postTrips_shouldReturnSaved_trip  Time elapsed: 0.009 s  <<< ERROR!
java.lang.NullPointerException
	at com.payam.learn.reservation.controller.DashboardControllerTest.postTrips_shouldReturnSaved_trip(DashboardControllerTest.java:67)

