<?xml version="1.0" encoding="UTF-8"?>
<testsuite xmlns:xsi="http://www.w3.org/2001/XMLSchema-instance" xsi:noNamespaceSchemaLocation="https://maven.apache.org/surefire/maven-surefire-plugin/xsd/surefire-test-report.xsd" name="com.payam.learn.reservation.services.TripServiceTest" time="6.189" tests="1" errors="1" skipped="0" failures="0">
  <properties>
[...]
</properties>
  <testcase name="save_trip" classname="com.payam.learn.reservation.services.TripServiceTest" time="0.211">
    <error message="The given id must not be null!; nested exception is java.lang.IllegalArgumentException: The given id must not be null!" type="org.springframework.dao.InvalidDataAccessApiUsageException">org.springframework.dao.InvalidDataAccessApiUsageException: The given id must not be null!; nested exception is java.lang.IllegalArgumentException: The given id must not be null!
	at com.payam.learn.reservation.services.TripServiceTest.save_trip(TripServiceTest.java:43)
Caused by: java.lang.IllegalArgumentException: The given id must not be null!
	at com.payam.learn.reservation.services.TripServiceTest.save_trip(TripServiceTest.java:43)
</error>
    <system-out><![CDATA[11:06:39.063 [main] DEBUG org.springframework.test.context.BootstrapUtils - Instantiating CacheAwareContextLoaderDelegate from class [org.springframework.test.context.cache.DefaultCacheAwareContextLoaderDelegate]
11:06:39.082 [main] DEBUG org.springframework.test.context.BootstrapUtils - Instantiating BootstrapContext using constructor [public org.springframework.test.context.support.DefaultBootstrapContext(java.lang.Class,org.springframework.test.context.CacheAwareContextLoaderDelegate)]
11:06:39.100 [main] DEBUG org.springframework.test.context.BootstrapUtils - Instantiating TestContextBootstrapper for test class [com.payam.learn.reservation.services.TripServiceTest] from class [org.springframework.boot.test.context.SpringBootTestContextBootstrapper]
11:06:39.112 [main] INFO org.springframework.boot.test.context.SpringBootTestContextBootstrapper - Neither @ContextConfiguration nor @ContextHierarchy found for test class [com.payam.learn.reservation.services.TripServiceTest], using SpringBootContextLoader
11:06:39.117 [main] DEBUG org.springframework.test.context.support.AbstractContextLoader - Did not detect default resource location for test class [com.payam.learn.reservation.services.TripServiceTest]: class path resource [com/payam/learn/reservation/services/TripServiceTest-context.xml] does not exist
11:06:39.117 [main] DEBUG org.springframework.test.context.support.AbstractContextLoader - Did not detect default resource location for test class [com.payam.learn.reservation.services.TripServiceTest]: class path resource [com/payam/learn/reservation/services/TripServiceTestContext.groovy] does not exist
11:06:39.118 [main] INFO org.springframework.test.context.support.AbstractContextLoader - Could not detect default resource locations for test class [com.payam.learn.reservation.services.TripServiceTest]: no resource found for suffixes {-context.xml, Context.groovy}.
11:06:39.119 [main] INFO org.springframework.test.context.support.AnnotationConfigContextLoaderUtils - Could not detect default configuration classes for test class [com.payam.learn.reservation.services.TripServiceTest]: TripServiceTest does not declare any static, non-private, non-final, nested classes annotated with @Configuration.
11:06:39.159 [main] DEBUG org.springframework.test.context.support.ActiveProfilesUtils - Could not find an 'annotation declaring class' for annotation type [org.springframework.test.context.ActiveProfiles] and class [com.payam.learn.reservation.services.TripServiceTest]
11:06:39.226 [main] DEBUG org.springframework.context.annotation.ClassPathScanningCandidateComponentProvider - Identified candidate component class: file [/home/payam/Projects/reservationSystem/target/classes/com/payam/learn/reservation/ReservationSystemApplication.class]
11:06:39.227 [main] INFO org.springframework.boot.test.context.SpringBootTestContextBootstrapper - Found @SpringBootConfiguration com.payam.learn.reservation.ReservationSystemApplication for test class com.payam.learn.reservation.services.TripServiceTest
11:06:39.342 [main] DEBUG org.springframework.boot.test.context.SpringBootTestContextBootstrapper - @TestExecutionListeners is not present for class [com.payam.learn.reservation.services.TripServiceTest]: using defaults.
11:06:39.344 [main] INFO org.springframework.boot.test.context.SpringBootTestContextBootstrapper - Loaded default TestExecutionListener class names from location [META-INF/spring.factories]: [org.springframework.boot.test.mock.mockito.MockitoTestExecutionListener, org.springframework.boot.test.mock.mockito.ResetMocksTestExecutionListener, org.springframework.boot.test.autoconfigure.restdocs.RestDocsTestExecutionListener, org.springframework.boot.test.autoconfigure.web.client.MockRestServiceServerResetTestExecutionListener, org.springframework.boot.test.autoconfigure.web.servlet.MockMvcPrintOnlyOnFailureTestExecutionListener, org.springframework.boot.test.autoconfigure.web.servlet.WebDriverTestExecutionListener, org.springframework.test.context.web.ServletTestExecutionListener, org.springframework.test.context.support.DirtiesContextBeforeModesTestExecutionListener, org.springframework.test.context.support.DependencyInjectionTestExecutionListener, org.springframework.test.context.support.DirtiesContextTestExecutionListener, org.springframework.test.context.transaction.TransactionalTestExecutionListener, org.springframework.test.context.jdbc.SqlScriptsTestExecutionListener]
11:06:39.359 [main] INFO org.springframework.boot.test.context.SpringBootTestContextBootstrapper - Using TestExecutionListeners: [org.springframework.test.context.web.ServletTestExecutionListener@74eb909f, org.springframework.test.context.support.DirtiesContextBeforeModesTestExecutionListener@28ec166e, org.springframework.boot.test.mock.mockito.MockitoTestExecutionListener@2eee3069, org.springframework.boot.test.autoconfigure.SpringBootDependencyInjectionTestExecutionListener@2da59753, org.springframework.test.context.support.DirtiesContextTestExecutionListener@5629510, org.springframework.test.context.transaction.TransactionalTestExecutionListener@4df5bcb4, org.springframework.test.context.jdbc.SqlScriptsTestExecutionListener@12c7a01b, org.springframework.boot.test.mock.mockito.ResetMocksTestExecutionListener@13d9b21f, org.springframework.boot.test.autoconfigure.restdocs.RestDocsTestExecutionListener@2826f61, org.springframework.boot.test.autoconfigure.web.client.MockRestServiceServerResetTestExecutionListener@62727399, org.springframework.boot.test.autoconfigure.web.servlet.MockMvcPrintOnlyOnFailureTestExecutionListener@4d9ac0b4, org.springframework.boot.test.autoconfigure.web.servlet.WebDriverTestExecutionListener@130dca52]
11:06:39.361 [main] DEBUG org.springframework.test.context.support.AbstractDirtiesContextTestExecutionListener - Before test class: context [DefaultTestContext@93cf163 testClass = TripServiceTest, testInstance = [null], testMethod = [null], testException = [null], mergedContextConfiguration = [WebMergedContextConfiguration@1852a3ff testClass = TripServiceTest, locations = '{}', classes = '{class com.payam.learn.reservation.ReservationSystemApplication}', contextInitializerClasses = '[]', activeProfiles = '{}', propertySourceLocations = '{}', propertySourceProperties = '{org.springframework.boot.test.context.SpringBootTestContextBootstrapper=true}', contextCustomizers = set[org.springframework.boot.test.context.filter.ExcludeFilterContextCustomizer@50378a4, org.springframework.boot.test.json.DuplicateJsonObjectContextCustomizerFactory$DuplicateJsonObjectContextCustomizer@491b9b8, org.springframework.boot.test.mock.mockito.MockitoContextCustomizer@0, org.springframework.boot.test.web.client.TestRestTemplateContextCustomizer@7139992f, org.springframework.boot.test.autoconfigure.properties.PropertyMappingContextCustomizer@0, org.springframework.boot.test.autoconfigure.web.servlet.WebDriverContextCustomizerFactory$Customizer@46d59067], resourceBasePath = 'src/main/webapp', contextLoader = 'org.springframework.boot.test.context.SpringBootContextLoader', parent = [null]], attributes = map['org.springframework.test.context.web.ServletTestExecutionListener.activateListener' -> true]], class annotated with @DirtiesContext [false] with mode [null].
11:06:39.390 [main] DEBUG org.springframework.test.context.support.TestPropertySourceUtils - Adding inlined properties to environment: {spring.jmx.enabled=false, org.springframework.boot.test.context.SpringBootTestContextBootstrapper=true, server.port=-1}
,------.                                                        ,--.   ,--.
|  .--. '  ,---.   ,---.   ,---.  ,--.--. ,--.  ,--.  ,--,--. ,-'  '-. `--'  ,---.  ,--,--,
|  '--'.' | .-. : (  .-'  | .-. : |  .--'  \  `'  /  ' ,-.  | '-.  .-' ,--. | .-. | |      \
|  |\  \  \   --. .-'  `) \   --. |  |      \    /   \ '-'  |   |  |   |  | ' '-' ' |  ||  |
`--' '--'  `----' `----'   `----' `--'       `--'     `--`--'   `--'   `--'  `---'  `--''--'
2019-12-11 11:06:39.812  INFO 7355 --- [           main] c.p.l.r.services.TripServiceTest         : Starting TripServiceTest on pjam with PID 7355 (started by payam in /home/payam/Projects/reservationSystem)
2019-12-11 11:06:39.813  INFO 7355 --- [           main] c.p.l.r.services.TripServiceTest         : No active profile set, falling back to default profiles: default
2019-12-11 11:06:41.114  INFO 7355 --- [           main] .s.d.r.c.RepositoryConfigurationDelegate : Bootstrapping Spring Data repositories in DEFAULT mode.
2019-12-11 11:06:41.188  INFO 7355 --- [           main] .s.d.r.c.RepositoryConfigurationDelegate : Finished Spring Data repository scanning in 64ms. Found 2 repository interfaces.
2019-12-11 11:06:41.678  INFO 7355 --- [           main] trationDelegate$BeanPostProcessorChecker : Bean 'org.springframework.transaction.annotation.ProxyTransactionManagementConfiguration' of type [org.springframework.transaction.annotation.ProxyTransactionManagementConfiguration$$EnhancerBySpringCGLIB$$c47060e] is not eligible for getting processed by all BeanPostProcessors (for example: not eligible for auto-proxying)
2019-12-11 11:06:41.919  INFO 7355 --- [           main] com.zaxxer.hikari.HikariDataSource       : HikariPool-1 - Starting...
2019-12-11 11:06:42.128  INFO 7355 --- [           main] com.zaxxer.hikari.HikariDataSource       : HikariPool-1 - Start completed.
2019-12-11 11:06:42.222  INFO 7355 --- [           main] o.hibernate.jpa.internal.util.LogHelper  : HHH000204: Processing PersistenceUnitInfo [
	name: default
	...]
2019-12-11 11:06:42.301  INFO 7355 --- [           main] org.hibernate.Version                    : HHH000412: Hibernate Core {5.3.11.Final}
2019-12-11 11:06:42.303  INFO 7355 --- [           main] org.hibernate.cfg.Environment            : HHH000206: hibernate.properties not found
2019-12-11 11:06:42.456  INFO 7355 --- [           main] o.hibernate.annotations.common.Version   : HCANN000001: Hibernate Commons Annotations {5.0.4.Final}
2019-12-11 11:06:42.573  INFO 7355 --- [           main] org.hibernate.dialect.Dialect            : HHH000400: Using dialect: org.hibernate.dialect.H2Dialect
2019-12-11 11:06:43.172  INFO 7355 --- [           main] o.h.t.schema.internal.SchemaCreatorImpl  : HHH000476: Executing import script 'org.hibernate.tool.schema.internal.exec.ScriptSourceInputNonExistentImpl@b81938d'
2019-12-11 11:06:43.176  INFO 7355 --- [           main] j.LocalContainerEntityManagerFactoryBean : Initialized JPA EntityManagerFactory for persistence unit 'default'
2019-12-11 11:06:44.167  INFO 7355 --- [           main] o.s.s.concurrent.ThreadPoolTaskExecutor  : Initializing ExecutorService 'applicationTaskExecutor'
2019-12-11 11:06:44.222  WARN 7355 --- [           main] aWebConfiguration$JpaWebMvcConfiguration : spring.jpa.open-in-view is enabled by default. Therefore, database queries may be performed during view rendering. Explicitly configure spring.jpa.open-in-view to disable this warning
2019-12-11 11:06:44.948  INFO 7355 --- [           main] c.p.l.r.services.TripServiceTest         : Started TripServiceTest in 5.549 seconds (JVM running for 6.593)
2019-12-11 11:06:45.079  INFO 7355 --- [           main] o.h.h.i.QueryTranslatorFactoryInitiator  : HHH000397: Using ASTQueryTranslatorFactory
]]></system-out>
  </testcase>
</testsuite>