<?xml version="1.0" encoding="UTF-8"?>
<testsuite xmlns:xsi="http://www.w3.org/2001/XMLSchema-instance" xsi:noNamespaceSchemaLocation="https://maven.apache.org/surefire/maven-surefire-plugin/xsd/surefire-test-report.xsd" name="com.payam.learn.reservation.controller.DashboardControllerTest" time="2.028" tests="4" errors="0" skipped="0" failures="4">
  <properties>
[...]
</properties>
  <testcase name="get_stop_should_not_null_stop" classname="com.payam.learn.reservation.controller.DashboardControllerTest" time="0.077">
    <failure message="No ModelAndView found" type="java.lang.AssertionError">java.lang.AssertionError: No ModelAndView found
	at com.payam.learn.reservation.controller.DashboardControllerTest.get_stop_should_not_null_stop(DashboardControllerTest.java:102)
</failure>
    <system-out><![CDATA[2020-01-11 12:42:09.273  INFO 15605 --- [           main] .b.t.a.w.s.WebMvcTestContextBootstrapper : Neither @ContextConfiguration nor @ContextHierarchy found for test class [com.payam.learn.reservation.controller.DashboardControllerTest], using SpringBootContextLoader
2020-01-11 12:42:09.274  INFO 15605 --- [           main] o.s.t.c.support.AbstractContextLoader    : Could not detect default resource locations for test class [com.payam.learn.reservation.controller.DashboardControllerTest]: no resource found for suffixes {-context.xml, Context.groovy}.
2020-01-11 12:42:09.274  INFO 15605 --- [           main] t.c.s.AnnotationConfigContextLoaderUtils : Could not detect default configuration classes for test class [com.payam.learn.reservation.controller.DashboardControllerTest]: DashboardControllerTest does not declare any static, non-private, non-final, nested classes annotated with @Configuration.
2020-01-11 12:42:09.336  INFO 15605 --- [           main] .b.t.c.SpringBootTestContextBootstrapper : Found @SpringBootConfiguration com.payam.learn.reservation.ReservationSystemApplication for test class com.payam.learn.reservation.controller.DashboardControllerTest
2020-01-11 12:42:09.338  INFO 15605 --- [           main] .b.t.a.w.s.WebMvcTestContextBootstrapper : Loaded default TestExecutionListener class names from location [META-INF/spring.factories]: [org.springframework.boot.test.mock.mockito.MockitoTestExecutionListener, org.springframework.boot.test.mock.mockito.ResetMocksTestExecutionListener, org.springframework.boot.test.autoconfigure.restdocs.RestDocsTestExecutionListener, org.springframework.boot.test.autoconfigure.web.client.MockRestServiceServerResetTestExecutionListener, org.springframework.boot.test.autoconfigure.web.servlet.MockMvcPrintOnlyOnFailureTestExecutionListener, org.springframework.boot.test.autoconfigure.web.servlet.WebDriverTestExecutionListener, org.springframework.test.context.web.ServletTestExecutionListener, org.springframework.test.context.support.DirtiesContextBeforeModesTestExecutionListener, org.springframework.test.context.support.DependencyInjectionTestExecutionListener, org.springframework.test.context.support.DirtiesContextTestExecutionListener, org.springframework.test.context.transaction.TransactionalTestExecutionListener, org.springframework.test.context.jdbc.SqlScriptsTestExecutionListener]
2020-01-11 12:42:09.339  INFO 15605 --- [           main] .b.t.a.w.s.WebMvcTestContextBootstrapper : Using TestExecutionListeners: [org.springframework.test.context.web.ServletTestExecutionListener@3d53e876, org.springframework.test.context.support.DirtiesContextBeforeModesTestExecutionListener@48d44b46, org.springframework.boot.test.mock.mockito.MockitoTestExecutionListener@aa0dbca, org.springframework.boot.test.autoconfigure.SpringBootDependencyInjectionTestExecutionListener@794cb26b, org.springframework.test.context.support.DirtiesContextTestExecutionListener@5b7ee56c, org.springframework.test.context.transaction.TransactionalTestExecutionListener@311a0b3e, org.springframework.test.context.jdbc.SqlScriptsTestExecutionListener@3de8f85c, org.springframework.boot.test.mock.mockito.ResetMocksTestExecutionListener@21abda60, org.springframework.boot.test.autoconfigure.restdocs.RestDocsTestExecutionListener@dd20ebc, org.springframework.boot.test.autoconfigure.web.client.MockRestServiceServerResetTestExecutionListener@6c70b7c3, org.springframework.boot.test.autoconfigure.web.servlet.MockMvcPrintOnlyOnFailureTestExecutionListener@16a09809, org.springframework.boot.test.autoconfigure.web.servlet.WebDriverTestExecutionListener@69a73867]
,------.                                                        ,--.   ,--.
|  .--. '  ,---.   ,---.   ,---.  ,--.--. ,--.  ,--.  ,--,--. ,-'  '-. `--'  ,---.  ,--,--,
|  '--'.' | .-. : (  .-'  | .-. : |  .--'  \  `'  /  ' ,-.  | '-.  .-' ,--. | .-. | |      \
|  |\  \  \   --. .-'  `) \   --. |  |      \    /   \ '-'  |   |  |   |  | ' '-' ' |  ||  |
`--' '--'  `----' `----'   `----' `--'       `--'     `--`--'   `--'   `--'  `---'  `--''--'
2020-01-11 12:42:09.425  INFO 15605 --- [           main] c.p.l.r.c.DashboardControllerTest        : Starting DashboardControllerTest on pjam with PID 15605 (started by payam in /home/payam/Projects/reservationSystem)
2020-01-11 12:42:09.426  INFO 15605 --- [           main] c.p.l.r.c.DashboardControllerTest        : No active profile set, falling back to default profiles: default
2020-01-11 12:42:10.432  INFO 15605 --- [           main] o.s.s.concurrent.ThreadPoolTaskExecutor  : Initializing ExecutorService 'applicationTaskExecutor'
2020-01-11 12:42:11.059  INFO 15605 --- [           main] .s.s.UserDetailsServiceAutoConfiguration : 

Using generated security password: 14e9711a-6a4f-46fb-ada9-f9481f248a29

2020-01-11 12:42:11.242  INFO 15605 --- [           main] o.s.s.web.DefaultSecurityFilterChain     : Creating filter chain: any request, [org.springframework.security.web.context.request.async.WebAsyncManagerIntegrationFilter@7f584d0c, org.springframework.security.web.context.SecurityContextPersistenceFilter@27234b7c, org.springframework.security.web.header.HeaderWriterFilter@22ed2886, org.springframework.security.web.csrf.CsrfFilter@64f613da, org.springframework.security.web.authentication.logout.LogoutFilter@45c28c49, org.springframework.security.web.authentication.UsernamePasswordAuthenticationFilter@73905dff, org.springframework.security.web.authentication.ui.DefaultLoginPageGeneratingFilter@5a45c218, org.springframework.security.web.authentication.ui.DefaultLogoutPageGeneratingFilter@4c599679, org.springframework.security.web.authentication.www.BasicAuthenticationFilter@22c4354d, org.springframework.security.web.savedrequest.RequestCacheAwareFilter@cbc3bf3, org.springframework.security.web.servletapi.SecurityContextHolderAwareRequestFilter@322eb1a, org.springframework.security.web.authentication.AnonymousAuthenticationFilter@15fd3088, org.springframework.security.web.session.SessionManagementFilter@4abfa2ff, org.springframework.security.web.access.ExceptionTranslationFilter@37ab1b10, org.springframework.security.web.access.intercept.FilterSecurityInterceptor@4803bf73]
2020-01-11 12:42:11.268  INFO 15605 --- [           main] o.s.b.t.m.w.SpringBootMockServletContext : Initializing Spring TestDispatcherServlet ''
2020-01-11 12:42:11.268  INFO 15605 --- [           main] o.s.t.web.servlet.TestDispatcherServlet  : Initializing Servlet ''
2020-01-11 12:42:11.280  INFO 15605 --- [           main] o.s.t.web.servlet.TestDispatcherServlet  : Completed initialization in 12 ms
2020-01-11 12:42:11.319  INFO 15605 --- [           main] c.p.l.r.c.DashboardControllerTest        : Started DashboardControllerTest in 1.972 seconds (JVM running for 6.264)

MockHttpServletRequest:
      HTTP Method = GET
      Request URI = /stop
       Parameters = {}
          Headers = []
             Body = <no character encoding set>
    Session Attrs = {SPRING_SECURITY_SAVED_REQUEST=DefaultSavedRequest[http://localhost/stop]}

Handler:
             Type = null

Async:
    Async started = false
     Async result = null

Resolved Exception:
             Type = null

ModelAndView:
        View name = null
             View = null
            Model = null

FlashMap:
       Attributes = null

MockHttpServletResponse:
           Status = 401
    Error message = Unauthorized
          Headers = [WWW-Authenticate:"Basic realm="Realm"", X-Content-Type-Options:"nosniff", X-XSS-Protection:"1; mode=block", Cache-Control:"no-cache, no-store, max-age=0, must-revalidate", Pragma:"no-cache", Expires:"0", X-Frame-Options:"DENY"]
     Content type = null
             Body = 
    Forwarded URL = null
   Redirected URL = null
          Cookies = []
]]></system-out>
  </testcase>
  <testcase name="post_stop_raise_error_when_description_not_valid" classname="com.payam.learn.reservation.controller.DashboardControllerTest" time="0.006">
    <failure message="No ModelAndView found" type="java.lang.AssertionError">java.lang.AssertionError: No ModelAndView found
	at com.payam.learn.reservation.controller.DashboardControllerTest.post_stop_raise_error_when_description_not_valid(DashboardControllerTest.java:123)
</failure>
    <system-out><![CDATA[
MockHttpServletRequest:
      HTTP Method = POST
      Request URI = /stop
       Parameters = {description=[]}
          Headers = []
             Body = <no character encoding set>
    Session Attrs = {org.springframework.security.web.csrf.HttpSessionCsrfTokenRepository.CSRF_TOKEN=org.springframework.security.web.csrf.DefaultCsrfToken@3b399f5a}

Handler:
             Type = null

Async:
    Async started = false
     Async result = null

Resolved Exception:
             Type = null

ModelAndView:
        View name = null
             View = null
            Model = null

FlashMap:
       Attributes = null

MockHttpServletResponse:
           Status = 403
    Error message = Forbidden
          Headers = [X-Content-Type-Options:"nosniff", X-XSS-Protection:"1; mode=block", Cache-Control:"no-cache, no-store, max-age=0, must-revalidate", Pragma:"no-cache", Expires:"0", X-Frame-Options:"DENY"]
     Content type = null
             Body = 
    Forwarded URL = null
   Redirected URL = null
          Cookies = []
]]></system-out>
  </testcase>
  <testcase name="get_stop_shuold_render_stop_view" classname="com.payam.learn.reservation.controller.DashboardControllerTest" time="0.008">
    <failure message="No ModelAndView found" type="java.lang.AssertionError">java.lang.AssertionError: No ModelAndView found
	at com.payam.learn.reservation.controller.DashboardControllerTest.get_stop_shuold_render_stop_view(DashboardControllerTest.java:109)
</failure>
    <system-out><![CDATA[
MockHttpServletRequest:
      HTTP Method = GET
      Request URI = /stop
       Parameters = {}
          Headers = []
             Body = <no character encoding set>
    Session Attrs = {SPRING_SECURITY_SAVED_REQUEST=DefaultSavedRequest[http://localhost/stop]}

Handler:
             Type = null

Async:
    Async started = false
     Async result = null

Resolved Exception:
             Type = null

ModelAndView:
        View name = null
             View = null
            Model = null

FlashMap:
       Attributes = null

MockHttpServletResponse:
           Status = 401
    Error message = Unauthorized
          Headers = [WWW-Authenticate:"Basic realm="Realm"", X-Content-Type-Options:"nosniff", X-XSS-Protection:"1; mode=block", Cache-Control:"no-cache, no-store, max-age=0, must-revalidate", Pragma:"no-cache", Expires:"0", X-Frame-Options:"DENY"]
     Content type = null
             Body = 
    Forwarded URL = null
   Redirected URL = null
          Cookies = []
]]></system-out>
  </testcase>
  <testcase name="post_stop_raise_error_when_name_not_valid" classname="com.payam.learn.reservation.controller.DashboardControllerTest" time="0.016">
    <failure message="No ModelAndView found" type="java.lang.AssertionError">java.lang.AssertionError: No ModelAndView found
	at com.payam.learn.reservation.controller.DashboardControllerTest.post_stop_raise_error_when_name_not_valid(DashboardControllerTest.java:117)
</failure>
    <system-out><![CDATA[
MockHttpServletRequest:
      HTTP Method = POST
      Request URI = /stop
       Parameters = {name=[]}
          Headers = []
             Body = <no character encoding set>
    Session Attrs = {org.springframework.security.web.csrf.HttpSessionCsrfTokenRepository.CSRF_TOKEN=org.springframework.security.web.csrf.DefaultCsrfToken@1bbfd42f}

Handler:
             Type = null

Async:
    Async started = false
     Async result = null

Resolved Exception:
             Type = null

ModelAndView:
        View name = null
             View = null
            Model = null

FlashMap:
       Attributes = null

MockHttpServletResponse:
           Status = 403
    Error message = Forbidden
          Headers = [X-Content-Type-Options:"nosniff", X-XSS-Protection:"1; mode=block", Cache-Control:"no-cache, no-store, max-age=0, must-revalidate", Pragma:"no-cache", Expires:"0", X-Frame-Options:"DENY"]
     Content type = null
             Body = 
    Forwarded URL = null
   Redirected URL = null
          Cookies = []
]]></system-out>
  </testcase>
</testsuite>